{
   <insert_a_suppression_name_here>
   Memcheck:Leak
   match-leak-kinds: reachable
   fun:malloc
   obj:/usr/lib/x86_64-linux-gnu/libX11.so.6.3.0
   fun:_XReply
   fun:XSync
   fun:mlx_int_new_xshm_image
   fun:mlx_new_image
   fun:create_new_image
   fun:loop_hooks
   fun:mlx_loop
   fun:game_engine
   fun:start_mlx
   fun:main
}
{
   <insert_a_suppression_name_here>
   Memcheck:Leak
   match-leak-kinds: reachable
   fun:calloc
   fun:mlx_int_new_xshm_image
   fun:mlx_new_image
   fun:create_new_image
   fun:loop_hooks
   fun:mlx_loop
   fun:game_engine
   fun:start_mlx
   fun:main
}
{
   <insert_a_suppression_name_here>
   Memcheck:Leak
   match-leak-kinds: reachable
   fun:calloc
   fun:XShmCreateImage
   fun:mlx_int_new_xshm_image
   fun:mlx_new_image
   fun:create_new_image
   fun:loop_hooks
   fun:mlx_loop
   fun:game_engine
   fun:start_mlx
   fun:main
}
{
   <insert_a_suppression_name_here>
   Memcheck:Leak
   match-leak-kinds: definite
   fun:malloc
   fun:XCreateGC
   fun:mlx_new_window
   fun:game_engine
   fun:start_mlx
   fun:main
}
{
   <insert_a_suppression_name_here>
   Memcheck:Leak
   match-leak-kinds: reachable
   fun:malloc
   fun:_XEnq
   obj:/usr/lib/x86_64-linux-gnu/libX11.so.6.3.0
   fun:_XReadEvents
   fun:XWindowEvent
   fun:mlx_int_wait_first_expose
   fun:mlx_new_window
   fun:game_engine
   fun:start_mlx
   fun:main
}
{
   <insert_a_suppression_name_here>
   Memcheck:Leak
   match-leak-kinds: reachable
   fun:malloc
   fun:_XEnq
   obj:/usr/lib/x86_64-linux-gnu/libX11.so.6.3.0
   fun:_XReadEvents
   fun:XWindowEvent
   fun:mlx_int_wait_first_expose
   fun:mlx_new_window
   fun:game_engine
   fun:start_mlx
   fun:main
}
{
   <insert_a_suppression_name_here>
   Memcheck:Leak
   match-leak-kinds: reachable
   fun:malloc
   fun:_XEnq
   obj:/usr/lib/x86_64-linux-gnu/libX11.so.6.3.0
   fun:_XReadEvents
   fun:XWindowEvent
   fun:mlx_int_wait_first_expose
   fun:mlx_new_window
   fun:game_engine
   fun:start_mlx
   fun:main
}
{
   <insert_a_suppression_name_here>
   Memcheck:Leak
   match-leak-kinds: reachable
   fun:malloc
   fun:_XEnq
   obj:/usr/lib/x86_64-linux-gnu/libX11.so.6.3.0
   fun:_XReadEvents
   fun:XWindowEvent
   fun:mlx_int_wait_first_expose
   fun:mlx_new_window
   fun:game_engine
   fun:start_mlx
   fun:main
}
